<?xml version="1.0" encoding="UTF-8"?>
<testng-results ignored="0" total="4" passed="4" failed="0" skipped="0">
  <reporter-output>
  </reporter-output>
  <suite started-at="2021-10-12T14:00:50 IST" name="Default suite" finished-at="2021-10-12T14:00:50 IST" duration-ms="97">
    <groups>
    </groups>
    <test started-at="2021-10-12T14:00:50 IST" name="Default test" finished-at="2021-10-12T14:00:50 IST" duration-ms="97">
      <class name="trainingSel.SeleniumTraining.TestNG_DataProvider">
        <test-method signature="testMethod1()[pri:0, instance:trainingSel.SeleniumTraining.TestNG_DataProvider@7f485fda]" started-at="2021-10-12T14:00:50 IST" name="testMethod1" finished-at="2021-10-12T14:00:50 IST" duration-ms="14" status="PASS">
          <reporter-output>
          </reporter-output>
        </test-method> <!-- testMethod1 -->
        <test-method signature="testMethod2(java.lang.String)[pri:0, instance:trainingSel.SeleniumTraining.TestNG_DataProvider@7f485fda]" started-at="2021-10-12T14:00:50 IST" name="testMethod2" data-provider="ABC" finished-at="2021-10-12T14:00:50 IST" duration-ms="2" status="PASS">
          <params>
            <param index="0">
              <value>
                <![CDATA[First-Value]]>
              </value>
            </param>
          </params>
          <reporter-output>
          </reporter-output>
        </test-method> <!-- testMethod2 -->
        <test-method signature="testMethod2(java.lang.String)[pri:0, instance:trainingSel.SeleniumTraining.TestNG_DataProvider@7f485fda]" started-at="2021-10-12T14:00:50 IST" name="testMethod2" data-provider="ABC" finished-at="2021-10-12T14:00:50 IST" duration-ms="1" status="PASS">
          <params>
            <param index="0">
              <value>
                <![CDATA[Second-Value]]>
              </value>
            </param>
          </params>
          <reporter-output>
          </reporter-output>
        </test-method> <!-- testMethod2 -->
        <test-method signature="testMethod3()[pri:0, instance:trainingSel.SeleniumTraining.TestNG_DataProvider@7f485fda]" started-at="2021-10-12T14:00:50 IST" name="testMethod3" finished-at="2021-10-12T14:00:50 IST" duration-ms="1" status="PASS">
          <reporter-output>
          </reporter-output>
        </test-method> <!-- testMethod3 -->
      </class> <!-- trainingSel.SeleniumTraining.TestNG_DataProvider -->
    </test> <!-- Default test -->
  </suite> <!-- Default suite -->
</testng-results>
