<?xml version="1.0" encoding="UTF-8"?>
<!-- Generated by org.testng.reporters.JUnitXMLReporter -->
<testsuite ignored="0" hostname="LAPTOP-T22IKJNC" failures="0" tests="4" name="Default test" time="0.097" errors="0" timestamp="2021-10-12T14:00:50 IST">
  <testcase classname="trainingSel.SeleniumTraining.TestNG_DataProvider" name="testMethod1" time="0.014"/>
  <testcase classname="trainingSel.SeleniumTraining.TestNG_DataProvider" name="testMethod2" time="0.002"/>
  <testcase classname="trainingSel.SeleniumTraining.TestNG_DataProvider" name="testMethod2" time="0.001"/>
  <testcase classname="trainingSel.SeleniumTraining.TestNG_DataProvider" name="testMethod3" time="0.001"/>
</testsuite> <!-- Default test -->
